<?xml version="1.0" encoding="UTF-8"?>
<!-- Generated by org.testng.reporters.JUnitReportReporter -->
<testsuite hostname="LAPTOP-ILEPHI4T" failures="0" tests="1" name="Automation.Automation" time="61.629" errors="0" timestamp="2021-12-15T19:25:57 IST" skipped="0">
  <testcase classname="Automation.Automation" name="SetUp" time="61.629"/>
  <system-out/>
</testsuite> <!-- Automation.Automation -->
